<?xml version="1.0" encoding="UTF-8"?>
<!-- Generated by org.testng.reporters.JUnitReportReporter -->
<testsuite hostname="VDQADEV01-G67N6" name="tests.creationtests.VerifyProgramCreation" tests="2" failures="0" timestamp="18 Feb 2015 22:07:44 GMT" time="17.423" errors="0">
  <testcase name="verifyANewProgramIsCreated" time="8.085" classname="tests.creationtests.VerifyProgramCreation"/>
  <testcase name="verifyANewProgramIsCreated" time="9.338" classname="tests.creationtests.VerifyProgramCreation"/>
</testsuite> <!-- tests.creationtests.VerifyProgramCreation -->
