<?xml version="1.0" encoding="UTF-8"?>
<!-- Generated by org.testng.reporters.JUnitReportReporter -->
<testsuite hostname="VDQADEV01-G67N6" name="tests.workflowtests.VerifySetGradesToApplicants" tests="1" failures="0" timestamp="18 Feb 2015 21:59:15 GMT" time="5.358" errors="0">
  <testcase name="verifyApplicantsGradesCanBeSet" time="5.358" classname="tests.workflowtests.VerifySetGradesToApplicants"/>
</testsuite> <!-- tests.workflowtests.VerifySetGradesToApplicants -->
