<?xml version="1.0" encoding="UTF-8"?>
<!-- Generated by org.testng.reporters.JUnitReportReporter -->
<testsuite hostname="VDQADEV01-G67N6" name="tests.creationtests.VerifyUserCreation" tests="2" failures="0" timestamp="18 Feb 2015 22:07:44 GMT" time="19.988" errors="0">
  <testcase name="verifyNewUserIsCreated" time="10.052" classname="tests.creationtests.VerifyUserCreation"/>
  <testcase name="verifyNewUserIsCreated" time="9.936" classname="tests.creationtests.VerifyUserCreation"/>
</testsuite> <!-- tests.creationtests.VerifyUserCreation -->
