<?xml version="1.0" encoding="UTF-8"?>
<!-- Generated by org.testng.reporters.JUnitReportReporter -->
<testsuite hostname="VDQADEV01-G67N6" name="tests.VerifySetGradesToApplicants" tests="1" failures="0" timestamp="18 Feb 2015 14:47:42 GMT" time="8.048" errors="0">
  <testcase name="verifyApplicantsGradesCanBeSet" time="8.048" classname="tests.VerifySetGradesToApplicants"/>
</testsuite> <!-- tests.VerifySetGradesToApplicants -->
