<?xml version="1.0" encoding="UTF-8"?>
<!-- Generated by org.testng.reporters.JUnitReportReporter -->
<testsuite hostname="Yesica-PC" name="tests.VerifyStageCreation" tests="3" failures="0" timestamp="18 Feb 2015 07:56:50 GMT" time="9.419" errors="0">
  <testcase name="verifyNewStageIsCreated" time="2.991" classname="tests.VerifyStageCreation"/>
  <testcase name="verifyNewStageIsCreated" time="3.672" classname="tests.VerifyStageCreation"/>
  <testcase name="verifyNewStageIsCreated" time="2.756" classname="tests.VerifyStageCreation"/>
</testsuite> <!-- tests.VerifyStageCreation -->
